<FlightDTO>
    <dataIdentification>
        <sac>01100000</sac>
        <sic>01100101</sic>
        <si>00000000</si>
    </dataIdentification>
    <timeOfTrack>20190528031317</timeOfTrack>
    <wgs84Coordinate>
        <latitude>28.0306</latitude>
        <longitude>106.7159</longitude>
    </wgs84Coordinate>
    <cartesianCoordinate>
        <x>272244.0</x>
        <y>8109187.5</y>
        <velocityX>16367.0</velocityX>
        <velocityY>218.5</velocityY>
    </cartesianCoordinate>
    <mode3Code>0177</mode3Code>
    <flightIdentification>CXA8611</flightIdentification>
    <aircraftData>
        <targetAddress>011110000000111100001110</targetAddress>
        <targetIdentification>CXA8611</targetIdentification>
        <magneticHeading>354.5563</magneticHeading>
        <indicatedAirspeed>298.0</indicatedAirspeed>
        <machNumber>0.688</machNumber>
        <trueAirspeed>430.0</trueAirspeed>
        <selectedAltitude>23600.0</selectedAltitude>
        <finalStateSelectedAltitude>23600.0</finalStateSelectedAltitude>
        <baroVerticalRate>-62.5</baroVerticalRate>
        <geoVerticalRate>-31.25</geoVerticalRate>
        <rollAngle>-2.0</rollAngle>
        <trackAngleRate>0.0</trackAngleRate>
        <trackAngle>355.556</trackAngle>
        <groundSpeed>0.1183</groundSpeed>
        <wgs84Coordinate>
            <altitude>0.0</altitude>
        </wgs84Coordinate>
    </aircraftData>
    <trackNumber>216</trackNumber>
    <modeOfMovement>
        <transversalMoveStatus>UNDETERMINED</transversalMoveStatus>
        <longitudinalMoveStatus>UNDETERMINED</longitudinalMoveStatus>
        <verticalMoveStatus>LEVEL</verticalMoveStatus>
        <altitudeDiscrepancyStatus>NO_DISCREPANCY</altitudeDiscrepancyStatus>
    </modeOfMovement>
    <measuredFlightLevel>236.0</measuredFlightLevel>
    <rateOfClimbOrDescent>0.0</rateOfClimbOrDescent>
</FlightDTO>